Building DAG of jobs...
Using shell: /usr/bin/bash
Provided cores: 1
Rules claiming more threads will be scaled down.
Job counts:
	count	jobs
	1	CalculateContamination
	1	FilterMutectCalls
	1	GetPileupSummaries_normal
	1	GetPileupSummaries_tumor
	1	MT2
	1	all
	1	collect_artifact
	7

[Sat Sep 11 11:27:07 2021]
rule MT2:
    input: /storage/douyanmeiLab/yanmei/reference/GRCh38_full_analysis_set_plus_decoy_hla.fa, bam_links_tumor/test.tumor.bam, bam_links_control/test.control.bam, /storage/douyanmeiLab/TCGA_wu/resources/Agilent_SureSelect_V7/S31285117_Padded.list, /storage/douyanmeiLab/yanmei/resources/af-only-gnomad.hg38.vcf.gz, /storage/douyanmeiLab/yanmei/resources/1000g_pon.hg38.vcf.gz
    output: vcfs/test.somatic.m2.vcf.gz, vcfs/test.tumor_vs_normal.bam
    jobid: 4
    wildcards: sample=test

Terminating processes on user request, this might take some time.
[Sat Sep 11 11:27:18 2021]
Error in rule MT2:
    jobid: 4
    output: vcfs/test.somatic.m2.vcf.gz, vcfs/test.tumor_vs_normal.bam

RuleException:
CalledProcessError in line 26 of /storage/douyanmeiLab/TCGA_wu/snakemake_pipelines/MT2/Snakefile:
Command ' module load gcc; module load java; source /storage/douyanmeiLab/yanmei/tools/miniconda3/etc/profile.d/conda.sh; conda activate base;  gatk Mutect2 -R /storage/douyanmeiLab/yanmei/reference/GRCh38_full_analysis_set_plus_decoy_hla.fa -I bam_links_tumor/test.tumor.bam -I bam_links_control/test.control.bam -normal test_normal -tumor test_tumor --germline-resource /storage/douyanmeiLab/yanmei/resources/af-only-gnomad.hg38.vcf.gz --pon /storage/douyanmeiLab/yanmei/resources/1000g_pon.hg38.vcf.gz -L /storage/douyanmeiLab/TCGA_wu/resources/Agilent_SureSelect_V7/S31285117_Padded.list --interval-padding 100 --af-of-alleles-not-in-resource 0.0001 --disable-read-filter MateOnSameContigOrNoMappedMateReadFilter -O vcfs/test.somatic.m2.vcf.gz -bamout vcfs/test.tumor_vs_normal.bam ' returned non-zero exit status 1.
  File "/storage/douyanmeiLab/TCGA_wu/snakemake_pipelines/MT2/Snakefile", line 26, in __rule_MT2
  File "/storage/douyanmeiLab/yanmei/tools/miniconda3/lib/python3.6/concurrent/futures/thread.py", line 56, in run
Complete log: /storage/douyanmeiLab/TCGA_wu/snakemake_pipelines/MT2/.snakemake/log/2021-09-11T112707.630604.snakemake.log
