Building DAG of jobs...
Using shell: /usr/bin/bash
Provided cores: 1 (use --cores to define parallelism)
Rules claiming more threads will be scaled down.
Job stats:
job               count    min threads    max threads
--------------  -------  -------------  -------------
all                   1              1              1
generate_input        1              1              1
total                 2              1              1

Select jobs to execute...

[Wed May 25 15:10:58 2022]
rule generate_input:
    input: demo/input/test.SNV.out
    output: demo/test_test_drivergene
    jobid: 1
    wildcards: sample=test
    resources: tmpdir=/tmp

[Wed May 25 15:10:58 2022]
Finished job 1.
1 of 2 steps (50%) done
Select jobs to execute...

[Wed May 25 15:10:58 2022]
localrule all:
    input: demo/test_test_drivergene
    jobid: 0
    resources: tmpdir=/tmp

[Wed May 25 15:10:58 2022]
Finished job 0.
2 of 2 steps (100%) done
Complete log: .snakemake/log/2022-05-25T151058.734865.snakemake.log
