Building DAG of jobs...
Using shell: /usr/bin/bash
Provided cores: 1 (use --cores to define parallelism)
Rules claiming more threads will be scaled down.
Job stats:
job                         count    min threads    max threads
------------------------  -------  -------------  -------------
all                             1              1              1
generate_input_persample        1              1              1
merge_input                     1              1              1
total                           3              1              1

Select jobs to execute...

[Wed May 25 15:20:13 2022]
rule generate_input_persample:
    input: demo/input/test.SNV.out, demo/input/test.INDEL.out
    output: demo/test.SNV.input, demo/test.INDEL.input
    jobid: 2
    wildcards: sample=test
    resources: tmpdir=/tmp

[Wed May 25 15:20:13 2022]
Finished job 2.
1 of 3 steps (33%) done
Select jobs to execute...

[Wed May 25 15:20:13 2022]
rule merge_input:
    input: demo/test.SNV.input, demo/test.INDEL.input
    output: demo/test.input
    jobid: 1
    resources: tmpdir=/tmp

[Wed May 25 15:20:13 2022]
Finished job 1.
2 of 3 steps (67%) done
Removing temporary output demo/test.SNV.input.
Removing temporary output demo/test.INDEL.input.
Select jobs to execute...

[Wed May 25 15:20:13 2022]
localrule all:
    input: demo/test.input
    jobid: 0
    resources: tmpdir=/tmp

[Wed May 25 15:20:13 2022]
Finished job 0.
3 of 3 steps (100%) done
Complete log: .snakemake/log/2022-05-25T152013.786340.snakemake.log
