Building DAG of jobs...
Using shell: /usr/bin/bash
Provided cores: 1 (use --cores to define parallelism)
Rules claiming more threads will be scaled down.
Job stats:
job                         count    min threads    max threads
------------------------  -------  -------------  -------------
all                             1              1              1
dndscv                          1              1              1
generate_input_persample        5              1              1
merge_input                     1              1              1
total                           8              1              1

Select jobs to execute...

[Wed May 25 21:04:09 2022]
rule generate_input_persample:
    input: demo/input/test5.SNV.out, demo/input/test5.INDEL.out
    output: demo/test5.SNV.input, demo/test5.INDEL.input
    jobid: 7
    wildcards: sample=test5
    resources: tmpdir=/tmp

[Wed May 25 21:04:09 2022]
Finished job 7.
1 of 8 steps (12%) done
Select jobs to execute...

[Wed May 25 21:04:09 2022]
rule generate_input_persample:
    input: demo/input/test2.SNV.out, demo/input/test2.INDEL.out
    output: demo/test2.SNV.input, demo/test2.INDEL.input
    jobid: 5
    wildcards: sample=test2
    resources: tmpdir=/tmp

[Wed May 25 21:04:09 2022]
Finished job 5.
2 of 8 steps (25%) done
Select jobs to execute...

[Wed May 25 21:04:09 2022]
rule generate_input_persample:
    input: demo/input/test1.SNV.out, demo/input/test1.INDEL.out
    output: demo/test1.SNV.input, demo/test1.INDEL.input
    jobid: 4
    wildcards: sample=test1
    resources: tmpdir=/tmp

[Wed May 25 21:04:09 2022]
Finished job 4.
3 of 8 steps (38%) done
Select jobs to execute...

[Wed May 25 21:04:09 2022]
rule generate_input_persample:
    input: demo/input/test4.SNV.out, demo/input/test4.INDEL.out
    output: demo/test4.SNV.input, demo/test4.INDEL.input
    jobid: 6
    wildcards: sample=test4
    resources: tmpdir=/tmp

[Wed May 25 21:04:09 2022]
Finished job 6.
4 of 8 steps (50%) done
Select jobs to execute...

[Wed May 25 21:04:09 2022]
rule generate_input_persample:
    input: demo/input/test3.SNV.out, demo/input/test3.INDEL.out
    output: demo/test3.SNV.input, demo/test3.INDEL.input
    jobid: 3
    wildcards: sample=test3
    resources: tmpdir=/tmp

[Wed May 25 21:04:09 2022]
Finished job 3.
5 of 8 steps (62%) done
Select jobs to execute...

[Wed May 25 21:04:09 2022]
rule merge_input:
    input: demo/test3.SNV.input, demo/test3.INDEL.input, demo/test1.SNV.input, demo/test1.INDEL.input, demo/test2.SNV.input, demo/test2.INDEL.input, demo/test4.SNV.input, demo/test4.INDEL.input, demo/test5.SNV.input, demo/test5.INDEL.input
    output: demo/drivergene.input
    jobid: 2
    resources: tmpdir=/tmp

[Wed May 25 21:04:09 2022]
Finished job 2.
6 of 8 steps (75%) done
Removing temporary output demo/test3.SNV.input.
Removing temporary output demo/test3.INDEL.input.
Removing temporary output demo/test1.SNV.input.
Removing temporary output demo/test1.INDEL.input.
Removing temporary output demo/test2.INDEL.input.
Removing temporary output demo/test2.SNV.input.
Removing temporary output demo/test4.INDEL.input.
Removing temporary output demo/test4.SNV.input.
Removing temporary output demo/test5.SNV.input.
Removing temporary output demo/test5.INDEL.input.
Select jobs to execute...

[Wed May 25 21:04:09 2022]
rule dndscv:
    input: demo/drivergene.input
    output: demo/drivergene.csv
    jobid: 1
    resources: tmpdir=/tmp

[Wed May 25 21:04:30 2022]
Finished job 1.
7 of 8 steps (88%) done
Select jobs to execute...

[Wed May 25 21:04:30 2022]
localrule all:
    input: demo/drivergene.csv
    jobid: 0
    resources: tmpdir=/tmp

[Wed May 25 21:04:30 2022]
Finished job 0.
8 of 8 steps (100%) done
Complete log: .snakemake/log/2022-05-25T210408.881698.snakemake.log
